<html>
<head>
<title>TestNG:  Run all Test</title>
<link href="../testng.css" rel="stylesheet" type="text/css" />
<link href="../my-testng.css" rel="stylesheet" type="text/css" />

<style type="text/css">
.log { display: none;} 
.stack-trace { display: none;} 
</style>
<script type="text/javascript">
<!--
function flip(e) {
  current = e.style.display;
  if (current == 'block') {
    e.style.display = 'none';
    return 0;
  }
  else {
    e.style.display = 'block';
    return 1;
  }
}

function toggleBox(szDivId, elem, msg1, msg2)
{
  var res = -1;  if (document.getElementById) {
    res = flip(document.getElementById(szDivId));
  }
  else if (document.all) {
    // this is the way old msie versions work
    res = flip(document.all[szDivId]);
  }
  if(elem) {
    if(res == 0) elem.innerHTML = msg1; else elem.innerHTML = msg2;
  }

}

function toggleAllBoxes() {
  if (document.getElementsByTagName) {
    d = document.getElementsByTagName('div');
    for (i = 0; i < d.length; i++) {
      if (d[i].className == 'log') {
        flip(d[i]);
      }
    }
  }
}

// -->
</script>

</head>
<body>
<h2 align='center'>Run all Test</h2><table border='1' align="center">
<tr>
<td>Tests passed/Failed/Skipped:</td><td>5/1/0</td>
</tr><tr>
<td>Started on:</td><td>Fri Mar 21 09:40:30 IST 2025</td>
</tr>
<tr><td>Total time:</td><td>83 seconds (83779 ms)</td>
</tr><tr>
<td>Included groups:</td><td></td>
</tr><tr>
<td>Excluded groups:</td><td></td>
</tr>
</table><p/>
<small><i>(Hover the method name to see the test class name)</i></small><p/>
<table width='100%' border='1' class='invocation-failed'>
<tr><td colspan='4' align='center'><b>FAILED TESTS</b></td></tr>
<tr><td><b>Test method</b></td>
<td width="30%"><b>Exception</b></td>
<td width="10%"><b>Time (seconds)</b></td>
<td><b>Instance</b></td>
</tr>
<tr>
<td title='runners.ProductRunner.runScenario()'><b>runScenario</b><br>Test class: runners.ProductRunner<br>Test method: Runs Cucumber Scenarios<br>Parameters: "Add product to cart and wishlist", "Product Page"</td>
<td><div><pre>org.openqa.selenium.TimeoutException: Expected condition failed: waiting for element to be clickable: By.xpath: //a[contains(text(),&apos;In Stock&apos;)] (tried for 30 second(s) with 500 milliseconds interval)
Build info: version: &apos;4.29.0&apos;, revision: &apos;18ae989&apos;
System info: os.name: &apos;Windows 11&apos;, os.arch: &apos;amd64&apos;, os.version: &apos;10.0&apos;, java.version: &apos;21.0.6&apos;
Driver info: org.openqa.selenium.chrome.ChromeDriver
Capabilities {acceptInsecureCerts: false, browserName: chrome, browserVersion: 134.0.6998.118, chrome: {chromedriverVersion: 134.0.6998.90 (219ee74681fc..., userDataDir: C:\Users\tgsha\AppData\Loca...}, fedcm:accounts: true, goog:chromeOptions: {debuggerAddress: localhost:51219}, networkConnectionEnabled: false, pageLoadStrategy: normal, platformName: windows, proxy: Proxy(), se:cdp: ws://localhost:51219/devtoo..., se:cdpVersion: 134.0.6998.118, setWindowRect: true, strictFileInteractability: false, timeouts: {implicit: 0, pageLoad: 300000, script: 30000}, unhandledPromptBehavior: dismiss and notify, webauthn:extension:credBlob: true, webauthn:extension:largeBlob: true, webauthn:extension:minPinLength: true, webauthn:extension:prf: true, webauthn:virtualAuthenticators: true}
Session ID: f7e4ce504f856d2a929e494ba73c7d18
	at org.openqa.selenium.support.ui.WebDriverWait.timeoutException(WebDriverWait.java:84)
	at org.openqa.selenium.support.ui.FluentWait.until(FluentWait.java:228)
	at pages.ProductPage.clickAvailability(ProductPage.java:29)
	at stepDefinition.ProductStep.user_clicks_on_availability(ProductStep.java:37)
	at ✽.User clicks on availability(file:///C:/Users/tgsha/Java_Workspace/Bookswagon_Automation/src/test/resources/feature/Product.feature:10)
</pre></div><a href='#' onClick='toggleBox("stack-trace423095039", this, "Click to show all stack frames", "Click to hide stack frames")'>Click to show all stack frames</a>
<div class='stack-trace' id='stack-trace423095039'><pre>org.openqa.selenium.TimeoutException: Expected condition failed: waiting for element to be clickable: By.xpath: //a[contains(text(),&apos;In Stock&apos;)] (tried for 30 second(s) with 500 milliseconds interval)
Build info: version: &apos;4.29.0&apos;, revision: &apos;18ae989&apos;
System info: os.name: &apos;Windows 11&apos;, os.arch: &apos;amd64&apos;, os.version: &apos;10.0&apos;, java.version: &apos;21.0.6&apos;
Driver info: org.openqa.selenium.chrome.ChromeDriver
Capabilities {acceptInsecureCerts: false, browserName: chrome, browserVersion: 134.0.6998.118, chrome: {chromedriverVersion: 134.0.6998.90 (219ee74681fc..., userDataDir: C:\Users\tgsha\AppData\Loca...}, fedcm:accounts: true, goog:chromeOptions: {debuggerAddress: localhost:51219}, networkConnectionEnabled: false, pageLoadStrategy: normal, platformName: windows, proxy: Proxy(), se:cdp: ws://localhost:51219/devtoo..., se:cdpVersion: 134.0.6998.118, setWindowRect: true, strictFileInteractability: false, timeouts: {implicit: 0, pageLoad: 300000, script: 30000}, unhandledPromptBehavior: dismiss and notify, webauthn:extension:credBlob: true, webauthn:extension:largeBlob: true, webauthn:extension:minPinLength: true, webauthn:extension:prf: true, webauthn:virtualAuthenticators: true}
Session ID: f7e4ce504f856d2a929e494ba73c7d18
	at org.openqa.selenium.support.ui.WebDriverWait.timeoutException(WebDriverWait.java:84)
	at org.openqa.selenium.support.ui.FluentWait.until(FluentWait.java:228)
	at pages.ProductPage.clickAvailability(ProductPage.java:29)
	at stepDefinition.ProductStep.user_clicks_on_availability(ProductStep.java:37)
	at ✽.User clicks on availability(file:///C:/Users/tgsha/Java_Workspace/Bookswagon_Automation/src/test/resources/feature/Product.feature:10)
</pre></div></td>
<td>36</td>
<td>runners.ProductRunner@35cabb2a</td></tr>
</table><p>
<table width='100%' border='1' class='invocation-passed'>
<tr><td colspan='4' align='center'><b>PASSED TESTS</b></td></tr>
<tr><td><b>Test method</b></td>
<td width="30%"><b>Exception</b></td>
<td width="10%"><b>Time (seconds)</b></td>
<td><b>Instance</b></td>
</tr>
<tr>
<td title='runners.LoginRunner.runScenario()'><b>runScenario</b><br>Test class: runners.LoginRunner<br>Test method: Runs Cucumber Scenarios<br>Parameters: "Unsuccessful login with invalid credentials", "Login functionality"</td>
<td></td>
<td>18</td>
<td>runners.LoginRunner@7e07db1f</td></tr>
<tr>
<td title='runners.LoginRunner.runScenario()'><b>runScenario</b><br>Test class: runners.LoginRunner<br>Test method: Runs Cucumber Scenarios<br>Parameters: "Successful login with valid credentials", "Login functionality"</td>
<td></td>
<td>4</td>
<td>runners.LoginRunner@7e07db1f</td></tr>
<tr>
<td title='runners.HomeRunner.runScenario()'><b>runScenario</b><br>Test class: runners.HomeRunner<br>Test method: Runs Cucumber Scenarios<br>Parameters: "Verify search bar display", "Home Page"</td>
<td></td>
<td>6</td>
<td>runners.HomeRunner@2a798d51</td></tr>
<tr>
<td title='runners.SearchRunner.runScenario()'><b>runScenario</b><br>Test class: runners.SearchRunner<br>Test method: Runs Cucumber Scenarios<br>Parameters: "Search for a product and apply filters", "Search Functionality"</td>
<td></td>
<td>10</td>
<td>runners.SearchRunner@3a93b025</td></tr>
<tr>
<td title='runners.CartRunner.runScenario()'><b>runScenario</b><br>Test class: runners.CartRunner<br>Test method: Runs Cucumber Scenarios<br>Parameters: "User logs in, adds product to cart from wishlist, and proceeds to checkout", "Shopping Cart Functionality"</td>
<td></td>
<td>7</td>
<td>runners.CartRunner@1189dd52</td></tr>
</table><p>
</body>
</html>